<?xml version="1.0" encoding="UTF-8"?>
<!-- Generated by org.testng.reporters.JUnitXMLReporter -->
<testsuite ignored="5" hostname="Lenovo" failures="0" tests="1" name="Default test" time="7.177" errors="0" timestamp="2025-07-10T08:44:26 IST">
  <testcase classname="in.reqres.UserServiceTest" name="getSingleUserTest" time="5.995"/>
  <testcase classname="in.reqres.UserServiceTest" name="getAllUsersTest" time="0.0">
    <ignored/>
  </testcase> <!-- getAllUsersTest -->
  <testcase classname="in.reqres.UserServiceTest" name="deleteUserTest" time="0.0">
    <ignored/>
  </testcase> <!-- deleteUserTest -->
  <testcase classname="in.reqres.UserServiceTest" name="addNewUserTest" time="0.0">
    <ignored/>
  </testcase> <!-- addNewUserTest -->
  <testcase classname="in.reqres.UserServiceTest" name="updatePartialUserDataTest" time="0.0">
    <ignored/>
  </testcase> <!-- updatePartialUserDataTest -->
  <testcase classname="in.reqres.UserServiceTest" name="updateUserTest" time="0.0">
    <ignored/>
  </testcase> <!-- updateUserTest -->
</testsuite> <!-- Default test -->
