<?xml version="1.0" encoding="UTF-8"?>
<!-- Generated by org.testng.reporters.JUnitXMLReporter -->
<testsuite ignored="0" hostname="Lenovo" failures="0" tests="6" name="Test" time="7.799" errors="0" timestamp="2025-07-07T09:37:05 IST">
  <testcase classname="in.reqres.ReqResUserServiceTestCases" name="deleteUser" time="5.55"/>
  <testcase classname="in.reqres.ReqResUserServiceTestCases" name="getAllUsers" time="7.421"/>
  <testcase classname="in.reqres.ReqResUserServiceTestCases" name="patchUser" time="7.45"/>
  <testcase classname="in.reqres.ReqResUserServiceTestCases" name="getSingleUser" time="7.474"/>
  <testcase classname="in.reqres.ReqResUserServiceTestCases" name="putUser" time="7.519"/>
  <testcase classname="in.reqres.ReqResUserServiceTestCases" name="postUser" time="7.634"/>
</testsuite> <!-- Test -->
