<?xml version="1.0" encoding="UTF-8"?>
<testng-results ignored="0" total="1" passed="1" failed="0" skipped="0">
  <reporter-output>
  </reporter-output>
  <suite started-at="2025-07-16T08:18:07 IST" name="Suite" finished-at="2025-07-16T08:18:17 IST" duration-ms="9592">
    <groups>
      <group name="cucumber">
        <method signature="AbstractTestNGCucumberTests.runScenario(io.cucumber.testng.PickleWrapper,io.cucumber.testng.FeatureWrapper)[pri:0, instance:runners.TestRunner@436813f3]" name="runScenario" class="io.cucumber.testng.AbstractTestNGCucumberTests"/>
      </group> <!-- cucumber -->
    </groups>
    <test started-at="2025-07-16T08:18:07 IST" name="Test" finished-at="2025-07-16T08:18:17 IST" duration-ms="9592">
      <class name="runners.TestRunner">
        <test-method is-config="true" signature="setUpClass(org.testng.ITestContext)[pri:0, instance:runners.TestRunner@436813f3]" started-at="2025-07-16T08:18:07 IST" name="setUpClass" finished-at="2025-07-16T08:18:09 IST" duration-ms="1708" status="PASS">
          <params>
            <param index="0">
              <value>
                <![CDATA[org.testng.TestRunner@19d53ab4]]>
              </value>
            </param>
          </params>
          <reporter-output>
          </reporter-output>
        </test-method> <!-- setUpClass -->
        <test-method signature="runScenario(io.cucumber.testng.PickleWrapper,io.cucumber.testng.FeatureWrapper)[pri:0, instance:runners.TestRunner@436813f3]" started-at="2025-07-16T08:18:09 IST" name="runScenario" description="Runs Cucumber Scenarios" data-provider="scenarios" finished-at="2025-07-16T08:18:16 IST" duration-ms="6486" status="PASS">
          <params>
            <param index="0">
              <value>
                <![CDATA["Create User Details"]]>
              </value>
            </param>
            <param index="1">
              <value>
                <![CDATA["As a user I want to use User Service to Create, Update, Get, and Delete the user details"]]>
              </value>
            </param>
          </params>
          <reporter-output>
          </reporter-output>
        </test-method> <!-- runScenario -->
        <test-method is-config="true" signature="tearDownClass()[pri:0, instance:runners.TestRunner@436813f3]" started-at="2025-07-16T08:18:16 IST" name="tearDownClass" finished-at="2025-07-16T08:18:17 IST" duration-ms="1187" status="PASS">
          <reporter-output>
          </reporter-output>
        </test-method> <!-- tearDownClass -->
      </class> <!-- runners.TestRunner -->
    </test> <!-- Test -->
  </suite> <!-- Suite -->
</testng-results>
