<?xml version="1.0" encoding="UTF-8"?>
<testng-results ignored="0" total="1" passed="1" failed="0" skipped="0">
  <reporter-output>
  </reporter-output>
  <suite started-at="2025-07-10T08:44:19 IST" name="Default suite" finished-at="2025-07-10T08:44:26 IST" duration-ms="7177">
    <groups>
    </groups>
    <test started-at="2025-07-10T08:44:19 IST" name="Default test" finished-at="2025-07-10T08:44:26 IST" duration-ms="7177">
      <class name="in.reqres.UserServiceTest">
        <test-method is-config="true" signature="setBaseUrl()[pri:0, instance:in.reqres.UserServiceTest@14cd1699]" started-at="2025-07-10T08:44:19 IST" name="setBaseUrl" finished-at="2025-07-10T08:44:20 IST" duration-ms="1086" status="PASS">
          <reporter-output>
          </reporter-output>
        </test-method> <!-- setBaseUrl -->
        <test-method signature="getSingleUserTest()[pri:0, instance:in.reqres.UserServiceTest@14cd1699]" started-at="2025-07-10T08:44:20 IST" name="getSingleUserTest" finished-at="2025-07-10T08:44:26 IST" duration-ms="5995" status="PASS">
          <reporter-output>
          </reporter-output>
        </test-method> <!-- getSingleUserTest -->
      </class> <!-- in.reqres.UserServiceTest -->
    </test> <!-- Default test -->
  </suite> <!-- Default suite -->
</testng-results>
